<?xml version="1.0" encoding="UTF-8"?>
<!-- Generated by org.testng.reporters.JUnitReportReporter -->
<testsuite hostname="CB/IT/01/683" failures="0" tests="2" name="com.APITesting.testCases.TC002_VALIDATE_ASSIGNMENT" time="0.107" errors="0" timestamp="2022-02-01T13:26:05 IST" skipped="0">
  <testcase classname="com.APITesting.testCases.TC002_VALIDATE_ASSIGNMENT" name="validatePromotionIDObject" time="0.009"/>
  <system-out/>
  <testcase classname="com.APITesting.testCases.TC002_VALIDATE_ASSIGNMENT" name="validateProgramTypeObject" time="0.098"/>
  <system-out/>
</testsuite> <!-- com.APITesting.testCases.TC002_VALIDATE_ASSIGNMENT -->
