<?xml version="1.0" encoding="UTF-8"?>
<!-- Generated by org.testng.reporters.JUnitReportReporter -->
<testsuite hostname="CB/IT/01/683" failures="0" tests="6" name="com.APITesting.testCases.TC001_ASSIGNMENT" time="0.339" errors="0" timestamp="2022-02-01T13:26:05 IST" skipped="0">
  <testcase classname="com.APITesting.testCases.TC001_ASSIGNMENT" name="validateShowpriceObject" time="0.007"/>
  <system-out/>
  <testcase classname="com.APITesting.testCases.TC001_ASSIGNMENT" name="validateJSONObjectsExistance" time="0.008"/>
  <system-out/>
  <testcase classname="com.APITesting.testCases.TC001_ASSIGNMENT" name="validateLocalizedTextsObject" time="0.313"/>
  <system-out/>
  <testcase classname="com.APITesting.testCases.TC001_ASSIGNMENT" name="validateStatusCode" time="0.001"/>
  <system-out/>
  <testcase classname="com.APITesting.testCases.TC001_ASSIGNMENT" name="validateShowTextObject" time="0.009"/>
  <system-out/>
  <testcase classname="com.APITesting.testCases.TC001_ASSIGNMENT" name="validateStatusLine" time="0.001"/>
  <system-out/>
</testsuite> <!-- com.APITesting.testCases.TC001_ASSIGNMENT -->
