<?xml version="1.0" encoding="UTF-8"?>
<!-- Generated by org.testng.reporters.JUnitReportReporter -->
<testsuite hostname="CB/IT/01/683" failures="0" tests="9" name="com.APITesting.testCases.TC003_VALIDATE_INVALID_APIKEY" time="8.049" errors="0" timestamp="2022-02-01T13:26:05 IST" skipped="0">
  <testcase classname="com.APITesting.testCases.TC003_VALIDATE_INVALID_APIKEY" name="Validate_InvalidAPIKEY" time="0.830"/>
  <system-out/>
  <testcase classname="com.APITesting.testCases.TC003_VALIDATE_INVALID_APIKEY" name="Validate_InvalidAPIKEY" time="0.896"/>
  <system-out/>
  <testcase classname="com.APITesting.testCases.TC003_VALIDATE_INVALID_APIKEY" name="Validate_InvalidAPIKEY" time="0.845"/>
  <system-out/>
  <testcase classname="com.APITesting.testCases.TC003_VALIDATE_INVALID_APIKEY" name="Validate_InvalidAPIKEY" time="0.828"/>
  <system-out/>
  <testcase classname="com.APITesting.testCases.TC003_VALIDATE_INVALID_APIKEY" name="Validate_InvalidAPIKEY" time="0.818"/>
  <system-out/>
  <testcase classname="com.APITesting.testCases.TC003_VALIDATE_INVALID_APIKEY" name="Validate_InvalidAPIKEY" time="0.885"/>
  <system-out/>
  <testcase classname="com.APITesting.testCases.TC003_VALIDATE_INVALID_APIKEY" name="Validate_InvalidAPIKEY" time="0.985"/>
  <system-out/>
  <testcase classname="com.APITesting.testCases.TC003_VALIDATE_INVALID_APIKEY" name="Validate_InvalidAPIKEY" time="0.833"/>
  <system-out/>
  <testcase classname="com.APITesting.testCases.TC003_VALIDATE_INVALID_APIKEY" name="Validate_InvalidAPIKEY" time="1.129"/>
  <system-out/>
</testsuite> <!-- com.APITesting.testCases.TC003_VALIDATE_INVALID_APIKEY -->
