<?xml version="1.0" encoding="UTF-8"?>
<!-- Generated by org.testng.reporters.JUnitReportReporter -->
<testsuite hostname="CB/IT/01/683" failures="0" tests="1" name="TC003_VALIDATE_INVALID_APIKEY" time="0.926" errors="0" timestamp="2022-01-29T12:22:50 IST" skipped="0">
  <testcase classname="TC003_VALIDATE_INVALID_APIKEY" name="Validate_InvalidAPIKEY" time="0.926"/>
  <system-out/>
</testsuite> <!-- TC003_VALIDATE_INVALID_APIKEY -->
