<?xml version="1.0" encoding="UTF-8"?>
<!-- Generated by org.testng.reporters.JUnitReportReporter -->
<testsuite hostname="CB/IT/01/683" failures="0" tests="1" name="TC002_VALIDATE_ASSIGNMENT" time="2.710" errors="0" timestamp="2022-01-29T12:22:50 IST" skipped="0">
  <testcase classname="TC002_VALIDATE_ASSIGNMENT" name="validateAssignmentDetails" time="2.710"/>
  <system-out/>
</testsuite> <!-- TC002_VALIDATE_ASSIGNMENT -->
