<?xml version="1.0" encoding="UTF-8"?>
<!-- Generated by org.testng.reporters.JUnitReportReporter -->
<testsuite hostname="CB/IT/01/683" failures="0" tests="1" name="TC001_ASSIGNMENT" time="1.117" errors="0" timestamp="2022-01-29T12:22:50 IST" skipped="0">
  <testcase classname="TC001_ASSIGNMENT" name="getpromotiondetails" time="1.117"/>
  <system-out/>
</testsuite> <!-- TC001_ASSIGNMENT -->
